Resolving dependencies...
Downloading packages...
  flutter_lints 3.0.2 (6.0.0 available)
  lints 3.0.0 (6.1.0 available)
  matcher 0.12.19 (0.12.20 available)
  meta 1.17.0 (1.19.0 available)
  test_api 0.7.10 (0.7.13 available)
  vector_math 2.2.0 (2.4.0 available)
Got dependencies!
6 packages have newer versions incompatible with dependency constraints.
Try `flutter pub outdated` for more information.
Publishing adaptive_shimmer 1.2.0 to https://pub.dev:
├── ADVANCED_EXAMPLES.md (14 KB)
├── API_DOCUMENTATION.md (8 KB)
├── CHANGELOG.md (7 KB)
├── LICENSE (1 KB)
├── MIGRATION_GUIDE.md (7 KB)
├── README.md (12 KB)
├── analysis_options.yaml (<1 KB)
├── build.log (<1 KB)
├── lib
│   ├── adaptive_shimmer.dart (<1 KB)
│   └── src
│       ├── adaptive_shimmer.dart (2 KB)
│       ├── controllers
│       │   └── shimmer_controller.dart (1 KB)
│       ├── models
│       │   ├── animation_type.dart (<1 KB)
│       │   ├── shimmer_direction.dart (<1 KB)
│       │   ├── shimmer_theme.dart (3 KB)
│       │   └── skeleton_strategy.dart (1 KB)
│       ├── utils
│       │   ├── accessibility.dart (1 KB)
│       │   ├── smart_skeleton_transformers.dart (3 KB)
│       │   └── testing_utils.dart (4 KB)
│       └── widgets
│           ├── collection_skeleton.dart (4 KB)
│           ├── screen_shimmer.dart (6 KB)
│           ├── shimmer_transition.dart (2 KB)
│           ├── shimmer_widget.dart (5 KB)
│           ├── skeleton_widgets.dart (4 KB)
│           ├── smart_skeleton.dart (11 KB)
│           └── staggered_shimmer.dart (3 KB)
├── pub_publish.log (<1 KB)
└── pubspec.yaml (<1 KB)

Total compressed archive size: 26 KB.
Validating package...
Package validation found the following potential issue:
* 21 checked-in files are ignored by a `.gitignore`.
  Previous versions of Pub would include those in the published package.
  
  Consider adjusting your `.gitignore` files to not ignore those files, and if you do not wish to
  publish these files use `.pubignore`. See also dart.dev/go/pubignore
  
  Files that are checked in while gitignored:
  
  example/.dart_tool/dartpad/web_plugin_registrant.dart
  example/.dart_tool/package_config.json
  example/.dart_tool/package_graph.json
  example/.dart_tool/version
  example/android/.gradle/vcs-1/gc.properties
  example/android/app/src/main/java/io/flutter/plugins/GeneratedPluginRegistrant.java
  example/android/gradle/wrapper/gradle-wrapper.jar
  example/android/gradlew
  example/android/gradlew.bat
  example/android/local.properties
  ...
  
Uploading...
Message from server: Successfully uploaded https://pub.dev/packages/adaptive_shimmer version 1.2.0, it may take up-to 10 minutes before the new version is available.
